{"metadata":{"kernelspec":{"language":"python","display_name":"Python 3","name":"python3"},"language_info":{"name":"python","version":"3.12.12","mimetype":"text/x-python","codemirror_mode":{"name":"ipython","version":3},"pygments_lexer":"ipython3","nbconvert_exporter":"python","file_extension":".py"},"kaggle":{"accelerator":"nvidiaTeslaT4","dataSources":[{"sourceId":121150,"databundleVersionId":15061024,"isSourceIdPinned":false,"sourceType":"competition"},{"sourceId":14197093,"sourceType":"datasetVersion","datasetId":9053011},{"sourceId":14216981,"sourceType":"datasetVersion","datasetId":9068828},{"sourceId":14297348,"sourceType":"datasetVersion","datasetId":9119281},{"sourceId":14297404,"sourceType":"datasetVersion","datasetId":9126563},{"sourceId":14297435,"sourceType":"datasetVersion","datasetId":9126585},{"sourceId":14350629,"sourceType":"datasetVersion","datasetId":9163117},{"sourceId":14350948,"sourceType":"datasetVersion","datasetId":9163353},{"sourceId":690442,"sourceType":"modelInstanceVersion","isSourceIdPinned":true,"modelInstanceId":523415,"modelId":537419},{"sourceId":692580,"sourceType":"modelInstanceVersion","isSourceIdPinned":true,"modelInstanceId":525132,"modelId":539167},{"sourceId":704549,"sourceType":"modelInstanceVersion","isSourceIdPinned":true,"modelInstanceId":534781,"modelId":548405}],"dockerImageVersionId":31234,"isInternetEnabled":true,"language":"python","sourceType":"notebook","isGpuEnabled":true}},"nbformat_minor":4,"nbformat":4,"cells":[{"source":"<a href=\"https://www.kaggle.com/code/naileafalcon/project-kanish?scriptVersionId=289345267\" target=\"_blank\"><img align=\"left\" alt=\"Kaggle\" title=\"Open in Kaggle\" src=\"https://kaggle.com/static/images/open-in-kaggle.svg\"></a>","metadata":{},"cell_type":"markdown"},{"cell_type":"code","source":"import os\nimport subprocess\nimport sys\nimport shutil\n\nclass KanishOrchestrator:\n    \"\"\"Orquestador para el proyecto KANISH en Kaggle.\n    \n    Esta clase se encarga de verificar la integridad del proyecto y\n    ejecutar el pipeline completo, asegurando un fallo inmediato si\n    ocurre alg√∫n error.\n    \"\"\"\n\n    def __init__(self, root_dir=\"kanish-sdic-g\"):\n        \"\"\"Inicializa el orquestador con la ruta ra√≠z del proyecto.\n        \n        Args:\n            root_dir (str): Nombre de la carpeta ra√≠z del proyecto.\n        \"\"\"\n        self.root_dir = os.path.abspath(root_dir)\n        self.src_dir = os.path.join(self.root_dir, \"src\")\n        \n    def check_environment(self):\n        \"\"\"Verifica que la estructura base y los archivos cr√≠ticos existan.\n        \n        Raises:\n            FileNotFoundError: Si falta la carpeta ra√≠z o archivos esenciales.\n        \"\"\"\n        print(f\"üîç Verificando integridad en: {self.root_dir}\")\n        \n        if not os.path.exists(self.root_dir):\n            raise FileNotFoundError(f\"CR√çTICO: No se encuentra la carpeta ra√≠z {self.root_dir}\")\n\n        # Archivos obligatorios para que el sistema no falle\n        critical_files = [\n            os.path.join(\"src\", \"data_loader.py\"),\n            os.path.join(\"src\", \"preprocessing.py\"),\n            os.path.join(\"config\", \"regex_rules.json\"),\n            os.path.join(\"src\", \"kanish_inference.py\")\n        ]\n\n        for rel_path in critical_files:\n            full_path = os.path.join(self.root_dir, rel_path)\n            if not os.path.exists(full_path):\n                print(f\"‚ùå ERROR: Archivo faltante -> {full_path}\")\n                # Forzamos el crash inmediato\n                sys.exit(1) \n        \n        print(\"‚úÖ Verificaci√≥n de archivos completada.\")\n\n    def run_stage(self, script_name, description):\n        \"\"\"Ejecuta un script de Python y hace crash si falla.\n        \n        Args:\n            script_name (str): Nombre del archivo .py dentro de src/.\n            description (str): Descripci√≥n de la fase para el log.\n            \n        Raises:\n            subprocess.CalledProcessError: Si el script falla.\n        \"\"\"\n        script_path = os.path.join(self.src_dir, script_name)\n        print(f\"\\nüöÄ EJECUTANDO: {description} ({script_name})...\")\n        \n        # Cambiamos el directorio de trabajo a la ra√≠z del proyecto para que los imports\n        # relativos dentro de los scripts funcionen correctamente.\n        try:\n            subprocess.check_call([sys.executable, script_path], cwd=self.root_dir)\n            print(f\"‚úîÔ∏è {description} finalizado con √©xito.\")\n        except subprocess.CalledProcessError as e:\n            print(f\"üî• CRASH EN EL SISTEMA: Fall√≥ {description}.\")\n            raise e\n\n    def execute_pipeline(self):\n        \"\"\"Ejecuta el flujo completo de KANISH en el orden sagrado.\"\"\"\n        print(\"üèõÔ∏è --- INICIANDO PIPELINE KANISH SDIC-G ---\")\n        \n        self.check_environment()\n\n        # Orden de ejecuci√≥n definido en el Journey Map\n        stages = [\n            (\"data_loader.py\", \"FASE 1: Ingesta de Datos\"),\n            (\"preprocessing.py\", \"FASE 1: Limpieza y Preprocesamiento\"),\n            (\"ontology_injector.py\", \"FASE 2: Inyecci√≥n Ontol√≥gica\"),\n            (\"graph_analyst.py\", \"FASE 2: An√°lisis Social (SNA)\"),\n            (\"neural_motor.py\", \"FASE 3: Entrenamiento / Carga de Modelo\"),\n            (\"kanish_inference.py\", \"FASE 4: Inferencia Final y Submission\")\n        ]\n\n        for script, desc in stages:\n            self.run_stage(script, desc)\n\n        print(\"\\nüèÜ PIPELINE FINALIZADO: Revisa el archivo submission.csv\")\n\nif __name__ == \"__main__\":\n    # Instanciar y correr\n    orchestrator = KanishOrchestrator()\n    \n    # Este bloque asegura que cualquier error detenga el Notebook por completo\n    try:\n        orchestrator.execute_pipeline()\n    except Exception as e:\n        print(f\"\\nüõë DETENCI√ìN DE EMERGENCIA: {str(e)}\")\n        sys.exit(1)","metadata":{"trusted":true,"execution":{"iopub.status.busy":"2025-12-31T06:14:08.520651Z","iopub.execute_input":"2025-12-31T06:14:08.521251Z","iopub.status.idle":"2025-12-31T06:14:08.541614Z","shell.execute_reply.started":"2025-12-31T06:14:08.52122Z","shell.execute_reply":"2025-12-31T06:14:08.540676Z"}},"outputs":[{"name":"stderr","text":"ERROR:root:Internal Python error in the inspect module.\nBelow is the traceback from this internal error.\n\n","output_type":"stream"},{"name":"stdout","text":"üèõÔ∏è --- INICIANDO PIPELINE KANISH SDIC-G ---\nüîç Verificando integridad en: /kaggle/working/kanish-sdic-g\n\nüõë DETENCI√ìN DE EMERGENCIA: CR√çTICO: No se encuentra la carpeta ra√≠z /kaggle/working/kanish-sdic-g\nTraceback (most recent call last):\n  File \"/tmp/ipykernel_55/918768894.py\", line 100, in <cell line: 0>\n    orchestrator.execute_pipeline()\n  File \"/tmp/ipykernel_55/918768894.py\", line 77, in execute_pipeline\n    self.check_environment()\n  File \"/tmp/ipykernel_55/918768894.py\", line 32, in check_environment\n    raise FileNotFoundError(f\"CR√çTICO: No se encuentra la carpeta ra√≠z {self.root_dir}\")\nFileNotFoundError: CR√çTICO: No se encuentra la carpeta ra√≠z /kaggle/working/kanish-sdic-g\n\nDuring handling of the above exception, another exception occurred:\n\nTraceback (most recent call last):\n  File \"/usr/local/lib/python3.12/dist-packages/IPython/core/interactiveshell.py\", line 3553, in run_code\n    exec(code_obj, self.user_global_ns, self.user_ns)\n  File \"/tmp/ipykernel_55/918768894.py\", line 103, in <cell line: 0>\n    sys.exit(1)\nSystemExit: 1\n\nDuring handling of the above exception, another exception occurred:\n\nTraceback (most recent call last):\n  File \"/usr/local/lib/python3.12/dist-packages/IPython/core/ultratb.py\", line 1101, in get_records\n    return _fixed_getinnerframes(etb, number_of_lines_of_context, tb_offset)\n           ^^^^^^^^^^^^^^^^^^^^^^^^^^^^^^^^^^^^^^^^^^^^^^^^^^^^^^^^^^^^^^^^^\n  File \"/usr/local/lib/python3.12/dist-packages/IPython/core/ultratb.py\", line 248, in wrapped\n    return f(*args, **kwargs)\n           ^^^^^^^^^^^^^^^^^^\n  File \"/usr/local/lib/python3.12/dist-packages/IPython/core/ultratb.py\", line 281, in _fixed_getinnerframes\n    records = fix_frame_records_filenames(inspect.getinnerframes(etb, context))\n                                          ^^^^^^^^^^^^^^^^^^^^^^^^^^^^^^^^^^^^\n  File \"/usr/lib/python3.12/inspect.py\", line 1769, in getinnerframes\n    traceback_info = getframeinfo(tb, context)\n                     ^^^^^^^^^^^^^^^^^^^^^^^^^\n  File \"/usr/lib/python3.12/inspect.py\", line 1701, in getframeinfo\n    lineno = frame.f_lineno\n             ^^^^^^^^^^^^^^\nAttributeError: 'tuple' object has no attribute 'f_lineno'\n","output_type":"stream"},{"traceback":["\u001b[0;31m---------------------------------------------------------------------------\u001b[0m","\u001b[0;31mFileNotFoundError\u001b[0m                         Traceback (most recent call last)","\u001b[0;32m/tmp/ipykernel_55/918768894.py\u001b[0m in \u001b[0;36m<cell line: 0>\u001b[0;34m()\u001b[0m\n\u001b[1;32m     99\u001b[0m     \u001b[0;32mtry\u001b[0m\u001b[0;34m:\u001b[0m\u001b[0;34m\u001b[0m\u001b[0;34m\u001b[0m\u001b[0m\n\u001b[0;32m--> 100\u001b[0;31m         \u001b[0morchestrator\u001b[0m\u001b[0;34m.\u001b[0m\u001b[0mexecute_pipeline\u001b[0m\u001b[0;34m(\u001b[0m\u001b[0;34m)\u001b[0m\u001b[0;34m\u001b[0m\u001b[0;34m\u001b[0m\u001b[0m\n\u001b[0m\u001b[1;32m    101\u001b[0m     \u001b[0;32mexcept\u001b[0m \u001b[0mException\u001b[0m \u001b[0;32mas\u001b[0m \u001b[0me\u001b[0m\u001b[0;34m:\u001b[0m\u001b[0;34m\u001b[0m\u001b[0;34m\u001b[0m\u001b[0m\n","\u001b[0;32m/tmp/ipykernel_55/918768894.py\u001b[0m in \u001b[0;36mexecute_pipeline\u001b[0;34m(self)\u001b[0m\n\u001b[1;32m     76\u001b[0m \u001b[0;34m\u001b[0m\u001b[0m\n\u001b[0;32m---> 77\u001b[0;31m         \u001b[0mself\u001b[0m\u001b[0;34m.\u001b[0m\u001b[0mcheck_environment\u001b[0m\u001b[0;34m(\u001b[0m\u001b[0;34m)\u001b[0m\u001b[0;34m\u001b[0m\u001b[0;34m\u001b[0m\u001b[0m\n\u001b[0m\u001b[1;32m     78\u001b[0m \u001b[0;34m\u001b[0m\u001b[0m\n","\u001b[0;32m/tmp/ipykernel_55/918768894.py\u001b[0m in \u001b[0;36mcheck_environment\u001b[0;34m(self)\u001b[0m\n\u001b[1;32m     31\u001b[0m         \u001b[0;32mif\u001b[0m \u001b[0;32mnot\u001b[0m \u001b[0mos\u001b[0m\u001b[0;34m.\u001b[0m\u001b[0mpath\u001b[0m\u001b[0;34m.\u001b[0m\u001b[0mexists\u001b[0m\u001b[0;34m(\u001b[0m\u001b[0mself\u001b[0m\u001b[0;34m.\u001b[0m\u001b[0mroot_dir\u001b[0m\u001b[0;34m)\u001b[0m\u001b[0;34m:\u001b[0m\u001b[0;34m\u001b[0m\u001b[0;34m\u001b[0m\u001b[0m\n\u001b[0;32m---> 32\u001b[0;31m             \u001b[0;32mraise\u001b[0m \u001b[0mFileNotFoundError\u001b[0m\u001b[0;34m(\u001b[0m\u001b[0;34mf\"CR√çTICO: No se encuentra la carpeta ra√≠z {self.root_dir}\"\u001b[0m\u001b[0;34m)\u001b[0m\u001b[0;34m\u001b[0m\u001b[0;34m\u001b[0m\u001b[0m\n\u001b[0m\u001b[1;32m     33\u001b[0m \u001b[0;34m\u001b[0m\u001b[0m\n","\u001b[0;31mFileNotFoundError\u001b[0m: CR√çTICO: No se encuentra la carpeta ra√≠z /kaggle/working/kanish-sdic-g","\nDuring handling of the above exception, another exception occurred:\n","\u001b[0;31mSystemExit\u001b[0m                                Traceback (most recent call last)","    \u001b[0;31m[... skipping hidden 1 frame]\u001b[0m\n","\u001b[0;32m/tmp/ipykernel_55/918768894.py\u001b[0m in \u001b[0;36m<cell line: 0>\u001b[0;34m()\u001b[0m\n\u001b[1;32m    102\u001b[0m         \u001b[0mprint\u001b[0m\u001b[0;34m(\u001b[0m\u001b[0;34mf\"\\nüõë DETENCI√ìN DE EMERGENCIA: {str(e)}\"\u001b[0m\u001b[0;34m)\u001b[0m\u001b[0;34m\u001b[0m\u001b[0;34m\u001b[0m\u001b[0m\n\u001b[0;32m--> 103\u001b[0;31m         \u001b[0msys\u001b[0m\u001b[0;34m.\u001b[0m\u001b[0mexit\u001b[0m\u001b[0;34m(\u001b[0m\u001b[0;36m1\u001b[0m\u001b[0;34m)\u001b[0m\u001b[0;34m\u001b[0m\u001b[0;34m\u001b[0m\u001b[0m\n\u001b[0m","\u001b[0;31mSystemExit\u001b[0m: 1","\nDuring handling of the above exception, another exception occurred:\n","\u001b[0;31mTypeError\u001b[0m                                 Traceback (most recent call last)","    \u001b[0;31m[... skipping hidden 1 frame]\u001b[0m\n","\u001b[0;32m/usr/local/lib/python3.12/dist-packages/IPython/core/interactiveshell.py\u001b[0m in \u001b[0;36mshowtraceback\u001b[0;34m(self, exc_tuple, filename, tb_offset, exception_only, running_compiled_code)\u001b[0m\n\u001b[1;32m   2090\u001b[0m                     stb = ['An exception has occurred, use %tb to see '\n\u001b[1;32m   2091\u001b[0m                            'the full traceback.\\n']\n\u001b[0;32m-> 2092\u001b[0;31m                     stb.extend(self.InteractiveTB.get_exception_only(etype,\n\u001b[0m\u001b[1;32m   2093\u001b[0m                                                                      value))\n\u001b[1;32m   2094\u001b[0m                 \u001b[0;32melse\u001b[0m\u001b[0;34m:\u001b[0m\u001b[0;34m\u001b[0m\u001b[0;34m\u001b[0m\u001b[0m\n","\u001b[0;32m/usr/local/lib/python3.12/dist-packages/IPython/core/ultratb.py\u001b[0m in \u001b[0;36mget_exception_only\u001b[0;34m(self, etype, value)\u001b[0m\n\u001b[1;32m    752\u001b[0m         \u001b[0mvalue\u001b[0m \u001b[0;34m:\u001b[0m \u001b[0mexception\u001b[0m \u001b[0mvalue\u001b[0m\u001b[0;34m\u001b[0m\u001b[0;34m\u001b[0m\u001b[0m\n\u001b[1;32m    753\u001b[0m         \"\"\"\n\u001b[0;32m--> 754\u001b[0;31m         \u001b[0;32mreturn\u001b[0m \u001b[0mListTB\u001b[0m\u001b[0;34m.\u001b[0m\u001b[0mstructured_traceback\u001b[0m\u001b[0;34m(\u001b[0m\u001b[0mself\u001b[0m\u001b[0;34m,\u001b[0m \u001b[0metype\u001b[0m\u001b[0;34m,\u001b[0m \u001b[0mvalue\u001b[0m\u001b[0;34m)\u001b[0m\u001b[0;34m\u001b[0m\u001b[0;34m\u001b[0m\u001b[0m\n\u001b[0m\u001b[1;32m    755\u001b[0m \u001b[0;34m\u001b[0m\u001b[0m\n\u001b[1;32m    756\u001b[0m     \u001b[0;32mdef\u001b[0m \u001b[0mshow_exception_only\u001b[0m\u001b[0;34m(\u001b[0m\u001b[0mself\u001b[0m\u001b[0;34m,\u001b[0m \u001b[0metype\u001b[0m\u001b[0;34m,\u001b[0m \u001b[0mevalue\u001b[0m\u001b[0;34m)\u001b[0m\u001b[0;34m:\u001b[0m\u001b[0;34m\u001b[0m\u001b[0;34m\u001b[0m\u001b[0m\n","\u001b[0;32m/usr/local/lib/python3.12/dist-packages/IPython/core/ultratb.py\u001b[0m in \u001b[0;36mstructured_traceback\u001b[0;34m(self, etype, evalue, etb, tb_offset, context)\u001b[0m\n\u001b[1;32m    627\u001b[0m             \u001b[0mchained_exceptions_tb_offset\u001b[0m \u001b[0;34m=\u001b[0m \u001b[0;36m0\u001b[0m\u001b[0;34m\u001b[0m\u001b[0;34m\u001b[0m\u001b[0m\n\u001b[1;32m    628\u001b[0m             out_list = (\n\u001b[0;32m--> 629\u001b[0;31m                 self.structured_traceback(\n\u001b[0m\u001b[1;32m    630\u001b[0m                     \u001b[0metype\u001b[0m\u001b[0;34m,\u001b[0m \u001b[0mevalue\u001b[0m\u001b[0;34m,\u001b[0m \u001b[0;34m(\u001b[0m\u001b[0metb\u001b[0m\u001b[0;34m,\u001b[0m \u001b[0mchained_exc_ids\u001b[0m\u001b[0;34m)\u001b[0m\u001b[0;34m,\u001b[0m\u001b[0;34m\u001b[0m\u001b[0;34m\u001b[0m\u001b[0m\n\u001b[1;32m    631\u001b[0m                     chained_exceptions_tb_offset, context)\n","\u001b[0;32m/usr/local/lib/python3.12/dist-packages/IPython/core/ultratb.py\u001b[0m in \u001b[0;36mstructured_traceback\u001b[0;34m(self, etype, value, tb, tb_offset, number_of_lines_of_context)\u001b[0m\n\u001b[1;32m   1365\u001b[0m         \u001b[0;32melse\u001b[0m\u001b[0;34m:\u001b[0m\u001b[0;34m\u001b[0m\u001b[0;34m\u001b[0m\u001b[0m\n\u001b[1;32m   1366\u001b[0m             \u001b[0mself\u001b[0m\u001b[0;34m.\u001b[0m\u001b[0mtb\u001b[0m \u001b[0;34m=\u001b[0m \u001b[0mtb\u001b[0m\u001b[0;34m\u001b[0m\u001b[0;34m\u001b[0m\u001b[0m\n\u001b[0;32m-> 1367\u001b[0;31m         return FormattedTB.structured_traceback(\n\u001b[0m\u001b[1;32m   1368\u001b[0m             self, etype, value, tb, tb_offset, number_of_lines_of_context)\n\u001b[1;32m   1369\u001b[0m \u001b[0;34m\u001b[0m\u001b[0m\n","\u001b[0;32m/usr/local/lib/python3.12/dist-packages/IPython/core/ultratb.py\u001b[0m in \u001b[0;36mstructured_traceback\u001b[0;34m(self, etype, value, tb, tb_offset, number_of_lines_of_context)\u001b[0m\n\u001b[1;32m   1265\u001b[0m         \u001b[0;32mif\u001b[0m \u001b[0mmode\u001b[0m \u001b[0;32min\u001b[0m \u001b[0mself\u001b[0m\u001b[0;34m.\u001b[0m\u001b[0mverbose_modes\u001b[0m\u001b[0;34m:\u001b[0m\u001b[0;34m\u001b[0m\u001b[0;34m\u001b[0m\u001b[0m\n\u001b[1;32m   1266\u001b[0m             \u001b[0;31m# Verbose modes need a full traceback\u001b[0m\u001b[0;34m\u001b[0m\u001b[0;34m\u001b[0m\u001b[0m\n\u001b[0;32m-> 1267\u001b[0;31m             return VerboseTB.structured_traceback(\n\u001b[0m\u001b[1;32m   1268\u001b[0m                 \u001b[0mself\u001b[0m\u001b[0;34m,\u001b[0m \u001b[0metype\u001b[0m\u001b[0;34m,\u001b[0m \u001b[0mvalue\u001b[0m\u001b[0;34m,\u001b[0m \u001b[0mtb\u001b[0m\u001b[0;34m,\u001b[0m \u001b[0mtb_offset\u001b[0m\u001b[0;34m,\u001b[0m \u001b[0mnumber_of_lines_of_context\u001b[0m\u001b[0;34m\u001b[0m\u001b[0;34m\u001b[0m\u001b[0m\n\u001b[1;32m   1269\u001b[0m             )\n","\u001b[0;32m/usr/local/lib/python3.12/dist-packages/IPython/core/ultratb.py\u001b[0m in \u001b[0;36mstructured_traceback\u001b[0;34m(self, etype, evalue, etb, tb_offset, number_of_lines_of_context)\u001b[0m\n\u001b[1;32m   1122\u001b[0m         \u001b[0;34m\"\"\"Return a nice text document describing the traceback.\"\"\"\u001b[0m\u001b[0;34m\u001b[0m\u001b[0;34m\u001b[0m\u001b[0m\n\u001b[1;32m   1123\u001b[0m \u001b[0;34m\u001b[0m\u001b[0m\n\u001b[0;32m-> 1124\u001b[0;31m         formatted_exception = self.format_exception_as_a_whole(etype, evalue, etb, number_of_lines_of_context,\n\u001b[0m\u001b[1;32m   1125\u001b[0m                                                                tb_offset)\n\u001b[1;32m   1126\u001b[0m \u001b[0;34m\u001b[0m\u001b[0m\n","\u001b[0;32m/usr/local/lib/python3.12/dist-packages/IPython/core/ultratb.py\u001b[0m in \u001b[0;36mformat_exception_as_a_whole\u001b[0;34m(self, etype, evalue, etb, number_of_lines_of_context, tb_offset)\u001b[0m\n\u001b[1;32m   1080\u001b[0m \u001b[0;34m\u001b[0m\u001b[0m\n\u001b[1;32m   1081\u001b[0m \u001b[0;34m\u001b[0m\u001b[0m\n\u001b[0;32m-> 1082\u001b[0;31m         \u001b[0mlast_unique\u001b[0m\u001b[0;34m,\u001b[0m \u001b[0mrecursion_repeat\u001b[0m \u001b[0;34m=\u001b[0m \u001b[0mfind_recursion\u001b[0m\u001b[0;34m(\u001b[0m\u001b[0morig_etype\u001b[0m\u001b[0;34m,\u001b[0m \u001b[0mevalue\u001b[0m\u001b[0;34m,\u001b[0m \u001b[0mrecords\u001b[0m\u001b[0;34m)\u001b[0m\u001b[0;34m\u001b[0m\u001b[0;34m\u001b[0m\u001b[0m\n\u001b[0m\u001b[1;32m   1083\u001b[0m \u001b[0;34m\u001b[0m\u001b[0m\n\u001b[1;32m   1084\u001b[0m         \u001b[0mframes\u001b[0m \u001b[0;34m=\u001b[0m \u001b[0mself\u001b[0m\u001b[0;34m.\u001b[0m\u001b[0mformat_records\u001b[0m\u001b[0;34m(\u001b[0m\u001b[0mrecords\u001b[0m\u001b[0;34m,\u001b[0m \u001b[0mlast_unique\u001b[0m\u001b[0;34m,\u001b[0m \u001b[0mrecursion_repeat\u001b[0m\u001b[0;34m)\u001b[0m\u001b[0;34m\u001b[0m\u001b[0;34m\u001b[0m\u001b[0m\n","\u001b[0;32m/usr/local/lib/python3.12/dist-packages/IPython/core/ultratb.py\u001b[0m in \u001b[0;36mfind_recursion\u001b[0;34m(etype, value, records)\u001b[0m\n\u001b[1;32m    380\u001b[0m     \u001b[0;31m# first frame (from in to out) that looks different.\u001b[0m\u001b[0;34m\u001b[0m\u001b[0;34m\u001b[0m\u001b[0m\n\u001b[1;32m    381\u001b[0m     \u001b[0;32mif\u001b[0m \u001b[0;32mnot\u001b[0m \u001b[0mis_recursion_error\u001b[0m\u001b[0;34m(\u001b[0m\u001b[0metype\u001b[0m\u001b[0;34m,\u001b[0m \u001b[0mvalue\u001b[0m\u001b[0;34m,\u001b[0m \u001b[0mrecords\u001b[0m\u001b[0;34m)\u001b[0m\u001b[0;34m:\u001b[0m\u001b[0;34m\u001b[0m\u001b[0;34m\u001b[0m\u001b[0m\n\u001b[0;32m--> 382\u001b[0;31m         \u001b[0;32mreturn\u001b[0m \u001b[0mlen\u001b[0m\u001b[0;34m(\u001b[0m\u001b[0mrecords\u001b[0m\u001b[0;34m)\u001b[0m\u001b[0;34m,\u001b[0m \u001b[0;36m0\u001b[0m\u001b[0;34m\u001b[0m\u001b[0;34m\u001b[0m\u001b[0m\n\u001b[0m\u001b[1;32m    383\u001b[0m \u001b[0;34m\u001b[0m\u001b[0m\n\u001b[1;32m    384\u001b[0m     \u001b[0;31m# Select filename, lineno, func_name to track frames with\u001b[0m\u001b[0;34m\u001b[0m\u001b[0;34m\u001b[0m\u001b[0m\n","\u001b[0;31mTypeError\u001b[0m: object of type 'NoneType' has no len()"],"ename":"TypeError","evalue":"object of type 'NoneType' has no len()","output_type":"error"}],"execution_count":2}]}